<?xml version="1.0" encoding="utf-8"?><testsuites name="pytest tests"><testsuite name="pytest" errors="0" failures="0" skipped="0" tests="26" time="4.145" timestamp="2026-06-30T11:47:01.393795+00:00" hostname="agent-env-a1ec1218-a84c-4652-baf9-0649cb4efc3c"><testcase classname="tests.test_kaamhub_api.TestE2EFlow" name="test_01_customer_creates_booking" time="0.687" /><testcase classname="tests.test_kaamhub_api.TestAuth" name="test_register_login_me_customer" time="0.657" /><testcase classname="tests.test_kaamhub_api.TestAuth" name="test_register_partner_creates_partner_stub" time="0.613" /><testcase classname="tests.test_kaamhub_api.TestE2EFlow" name="test_02_partner_submits_profile_status_pending" time="0.620" /><testcase classname="tests.test_kaamhub_api.TestAuth" name="test_duplicate_email_400" time="0.167" /><testcase classname="tests.test_kaamhub_api.TestE2EFlow" name="test_03_partner_cannot_see_available_when_not_approved" time="0.085" /><testcase classname="tests.test_kaamhub_api.TestAuth" name="test_login_wrong_password_401" time="0.503" /><testcase classname="tests.test_kaamhub_api.TestE2EFlow" name="test_04_admin_approves_partner" time="0.932" /><testcase classname="tests.test_kaamhub_api.TestAuth" name="test_admin_login_sets_cookies" time="0.309" /><testcase classname="tests.test_kaamhub_api.TestAuth" name="test_me_unauthenticated_401" time="0.144" /><testcase classname="tests.test_kaamhub_api.TestE2EFlow" name="test_05_partner_sees_available_booking" time="0.037" /><testcase classname="tests.test_kaamhub_api.TestE2EFlow" name="test_06_partner_accepts_booking" time="0.078" /><testcase classname="tests.test_kaamhub_api.TestAdminProtection" name="test_admin_endpoint_blocks_non_admin" time="0.055" /><testcase classname="tests.test_kaamhub_api.TestE2EFlow" name="test_07_partner_advances_status" time="0.149" /><testcase classname="tests.test_kaamhub_api.TestAdminProtection" name="test_admin_endpoint_blocks_unauth" time="0.072" /><testcase classname="tests.test_kaamhub_api.TestE2EFlow" name="test_08_partner_wallet_credited" time="0.288" /><testcase classname="tests.test_kaamhub_api.TestAdminProtection" name="test_admin_stats_keys" time="0.389" /><testcase classname="tests.test_kaamhub_api.TestE2EFlow" name="test_09_partner_withdraw" time="0.212" /><testcase classname="tests.test_kaamhub_api.TestSeed" name="test_categories_seeded" time="0.103" /><testcase classname="tests.test_kaamhub_api.TestSeed" name="test_services_seeded" time="0.077" /><testcase classname="tests.test_kaamhub_api.TestE2EFlow" name="test_10_admin_approves_and_marks_paid" time="0.174" /><testcase classname="tests.test_kaamhub_api.TestSeed" name="test_offers_seeded" time="0.100" /><testcase classname="tests.test_kaamhub_api.TestAdminServices" name="test_admin_can_create_service" time="0.112" /><testcase classname="tests.test_kaamhub_api.TestE2EFlow" name="test_11_reject_withdraw_refunds" time="0.281" /><testcase classname="tests.test_kaamhub_api.TestAdminServices" name="test_non_admin_cannot_create_service" time="0.042" /><testcase classname="tests.test_kaamhub_api.TestHealth" name="test_root" time="0.077" /></testsuite></testsuites>